[debug] [2026-02-11T12:30:40.975Z] ----------------------------------------------------------------------
[debug] [2026-02-11T12:30:40.977Z] Command:       C:\Program Files\nodejs\node.exe C:\Users\DELL\AppData\Roaming\npm\node_modules\firebase-tools\lib\bin\firebase.js init hosting
[debug] [2026-02-11T12:30:40.978Z] CLI Version:   14.17.0
[debug] [2026-02-11T12:30:40.978Z] Platform:      win32
[debug] [2026-02-11T12:30:40.978Z] Node Version:  v24.13.0
[debug] [2026-02-11T12:30:40.978Z] Time:          Wed Feb 11 2026 18:00:40 GMT+0530 (India Standard Time)
[debug] [2026-02-11T12:30:40.978Z] ----------------------------------------------------------------------
[debug] 
[debug] [2026-02-11T12:30:40.980Z] >>> [apiv2][query] GET https://firebase-public.firebaseio.com/cli.json [none]
[debug] [2026-02-11T12:30:41.011Z] > command requires scopes: ["email","openid","https://www.googleapis.com/auth/cloudplatformprojects.readonly","https://www.googleapis.com/auth/firebase","https://www.googleapis.com/auth/cloud-platform"]
[debug] [2026-02-11T12:30:41.011Z] > authorizing via signed-in user (masthan9369@gmail.com)
[info] 
     ######## #### ########  ######## ########     ###     ######  ########
     ##        ##  ##     ## ##       ##     ##  ##   ##  ##       ##
     ######    ##  ########  ######   ########  #########  ######  ######
     ##        ##  ##    ##  ##       ##     ## ##     ##       ## ##
     ##       #### ##     ## ######## ########  ##     ##  ######  ########

You're about to initialize a Firebase project in this directory:

  C:\Users\DELL\Downloads\dashverse-writer-cms-main\dashverse-writer-cms-main

[debug] [2026-02-11T12:30:41.638Z] <<< [apiv2][status] GET https://firebase-public.firebaseio.com/cli.json 200
[debug] [2026-02-11T12:30:41.638Z] <<< [apiv2][body] GET https://firebase-public.firebaseio.com/cli.json {"cloudBuildErrorAfter":1594252800000,"cloudBuildWarnAfter":1590019200000,"defaultNode10After":1594252800000,"minVersion":"3.0.5","node8DeploysDisabledAfter":1613390400000,"node8RuntimeDisabledAfter":1615809600000,"node8WarnAfter":1600128000000}
[info] 
=== Project Setup
[info] 
[info] First, let's associate this project directory with a Firebase project.
[info] You can create multiple project aliases by running firebase use --add, 
[info] but for now we'll just set up a default project.
[info] 
[debug] [2026-02-11T12:30:51.665Z] Checked if tokens are valid: false, expires at: 1757312184395
[debug] [2026-02-11T12:30:51.666Z] Checked if tokens are valid: false, expires at: 1757312184395
[debug] [2026-02-11T12:30:51.666Z] > refreshing access token with scopes: []
[debug] [2026-02-11T12:30:51.667Z] >>> [apiv2][query] POST https://www.googleapis.com/oauth2/v3/token [none]
[debug] [2026-02-11T12:30:51.667Z] >>> [apiv2][body] POST https://www.googleapis.com/oauth2/v3/token [omitted]
[debug] [2026-02-11T12:30:51.857Z] <<< [apiv2][status] POST https://www.googleapis.com/oauth2/v3/token 200
[debug] [2026-02-11T12:30:51.857Z] <<< [apiv2][body] POST https://www.googleapis.com/oauth2/v3/token [omitted]
[debug] [2026-02-11T12:30:51.873Z] >>> [apiv2][query] GET https://firebase.googleapis.com/v1beta1/projects pageSize=100
[debug] [2026-02-11T12:30:52.699Z] <<< [apiv2][status] GET https://firebase.googleapis.com/v1beta1/projects 200
[debug] [2026-02-11T12:30:52.699Z] <<< [apiv2][body] GET https://firebase.googleapis.com/v1beta1/projects [omitted]
